<?xml version="1.0" encoding="UTF-8"?>
<testsuite xmlns:xsi="http://www.w3.org/2001/XMLSchema-instance" xsi:noNamespaceSchemaLocation="https://maven.apache.org/surefire/maven-surefire-plugin/xsd/surefire-test-report-3.0.xsd" version="3.0" name="ComparatorsTest" time="0.345" tests="16" errors="0" skipped="0" failures="0">
  <properties>
    <property name="java.specification.version" value="17"/>
    <property name="sun.cpu.isalist" value="amd64"/>
    <property name="sun.jnu.encoding" value="Cp1252"/>
    <property name="java.class.path" value="C:\Users\Admin\Desktop\revature training\rizwaanfarhana-Comparisons\target\test-classes;C:\Users\Admin\Desktop\revature training\rizwaanfarhana-Comparisons\target\classes;C:\Users\Admin\.m2\repository\junit\junit\4.13.2\junit-4.13.2.jar;C:\Users\Admin\.m2\repository\org\hamcrest\hamcrest-core\1.3\hamcrest-core-1.3.jar;C:\Users\Admin\.m2\repository\io\javalin\javalin\5.0.1\javalin-5.0.1.jar;C:\Users\Admin\.m2\repository\org\slf4j\slf4j-api\1.7.36\slf4j-api-1.7.36.jar;C:\Users\Admin\.m2\repository\org\eclipse\jetty\jetty-server\11.0.12\jetty-server-11.0.12.jar;C:\Users\Admin\.m2\repository\org\eclipse\jetty\toolchain\jetty-jakarta-servlet-api\5.0.2\jetty-jakarta-servlet-api-5.0.2.jar;C:\Users\Admin\.m2\repository\org\eclipse\jetty\jetty-http\11.0.12\jetty-http-11.0.12.jar;C:\Users\Admin\.m2\repository\org\eclipse\jetty\jetty-util\11.0.12\jetty-util-11.0.12.jar;C:\Users\Admin\.m2\repository\org\eclipse\jetty\jetty-io\11.0.12\jetty-io-11.0.12.jar;C:\Users\Admin\.m2\repository\org\eclipse\jetty\jetty-webapp\11.0.12\jetty-webapp-11.0.12.jar;C:\Users\Admin\.m2\repository\org\eclipse\jetty\jetty-servlet\11.0.12\jetty-servlet-11.0.12.jar;C:\Users\Admin\.m2\repository\org\eclipse\jetty\jetty-security\11.0.12\jetty-security-11.0.12.jar;C:\Users\Admin\.m2\repository\org\eclipse\jetty\jetty-xml\11.0.12\jetty-xml-11.0.12.jar;C:\Users\Admin\.m2\repository\org\eclipse\jetty\websocket\websocket-jetty-server\11.0.12\websocket-jetty-server-11.0.12.jar;C:\Users\Admin\.m2\repository\org\eclipse\jetty\websocket\websocket-jetty-common\11.0.12\websocket-jetty-common-11.0.12.jar;C:\Users\Admin\.m2\repository\org\eclipse\jetty\websocket\websocket-core-common\11.0.12\websocket-core-common-11.0.12.jar;C:\Users\Admin\.m2\repository\org\eclipse\jetty\websocket\websocket-servlet\11.0.12\websocket-servlet-11.0.12.jar;C:\Users\Admin\.m2\repository\org\eclipse\jetty\websocket\websocket-core-server\11.0.12\websocket-core-server-11.0.12.jar;C:\Users\Admin\.m2\repository\org\eclipse\jetty\jetty-annotations\11.0.12\jetty-annotations-11.0.12.jar;C:\Users\Admin\.m2\repository\org\eclipse\jetty\jetty-plus\11.0.12\jetty-plus-11.0.12.jar;C:\Users\Admin\.m2\repository\jakarta\transaction\jakarta.transaction-api\2.0.0\jakarta.transaction-api-2.0.0.jar;C:\Users\Admin\.m2\repository\org\eclipse\jetty\jetty-jndi\11.0.12\jetty-jndi-11.0.12.jar;C:\Users\Admin\.m2\repository\jakarta\annotation\jakarta.annotation-api\2.1.1\jakarta.annotation-api-2.1.1.jar;C:\Users\Admin\.m2\repository\org\ow2\asm\asm\9.3\asm-9.3.jar;C:\Users\Admin\.m2\repository\org\ow2\asm\asm-commons\9.3\asm-commons-9.3.jar;C:\Users\Admin\.m2\repository\org\ow2\asm\asm-tree\9.3\asm-tree-9.3.jar;C:\Users\Admin\.m2\repository\org\ow2\asm\asm-analysis\9.3\asm-analysis-9.3.jar;C:\Users\Admin\.m2\repository\org\eclipse\jetty\websocket\websocket-jetty-api\11.0.12\websocket-jetty-api-11.0.12.jar;C:\Users\Admin\.m2\repository\org\jetbrains\kotlin\kotlin-stdlib-jdk8\1.7.10\kotlin-stdlib-jdk8-1.7.10.jar;C:\Users\Admin\.m2\repository\org\jetbrains\kotlin\kotlin-stdlib\1.7.10\kotlin-stdlib-1.7.10.jar;C:\Users\Admin\.m2\repository\org\jetbrains\kotlin\kotlin-stdlib-common\1.7.10\kotlin-stdlib-common-1.7.10.jar;C:\Users\Admin\.m2\repository\org\jetbrains\annotations\13.0\annotations-13.0.jar;C:\Users\Admin\.m2\repository\org\jetbrains\kotlin\kotlin-stdlib-jdk7\1.7.10\kotlin-stdlib-jdk7-1.7.10.jar;C:\Users\Admin\.m2\repository\org\slf4j\slf4j-simple\1.7.36\slf4j-simple-1.7.36.jar;C:\Users\Admin\.m2\repository\com\fasterxml\jackson\core\jackson-databind\2.14.0-rc1\jackson-databind-2.14.0-rc1.jar;C:\Users\Admin\.m2\repository\com\fasterxml\jackson\core\jackson-annotations\2.14.0-rc1\jackson-annotations-2.14.0-rc1.jar;C:\Users\Admin\.m2\repository\com\fasterxml\jackson\core\jackson-core\2.14.0-rc1\jackson-core-2.14.0-rc1.jar;C:\Users\Admin\.m2\repository\com\h2database\h2\2.1.214\h2-2.1.214.jar;"/>
    <property name="java.vm.vendor" value="Oracle Corporation"/>
    <property name="sun.arch.data.model" value="64"/>
    <property name="user.variant" value=""/>
    <property name="java.vendor.url" value="https://java.oracle.com/"/>
    <property name="user.timezone" value="Asia/Calcutta"/>
    <property name="os.name" value="Windows 10"/>
    <property name="java.vm.specification.version" value="17"/>
    <property name="user.country" value="IN"/>
    <property name="sun.java.launcher" value="SUN_STANDARD"/>
    <property name="sun.boot.library.path" value="C:\Program Files\Java\jdk-17\bin"/>
    <property name="sun.java.command" value="C:\Users\Admin\AppData\Local\Temp\surefire1739777242780695975\surefirebooter-20250522221759064_3.jar C:\Users\Admin\AppData\Local\Temp\surefire1739777242780695975 2025-05-22T22-17-58_321-jvmRun1 surefire-20250522221759064_1tmp surefire_0-20250522221759064_2tmp"/>
    <property name="jdk.debug" value="release"/>
    <property name="surefire.test.class.path" value="C:\Users\Admin\Desktop\revature training\rizwaanfarhana-Comparisons\target\test-classes;C:\Users\Admin\Desktop\revature training\rizwaanfarhana-Comparisons\target\classes;C:\Users\Admin\.m2\repository\junit\junit\4.13.2\junit-4.13.2.jar;C:\Users\Admin\.m2\repository\org\hamcrest\hamcrest-core\1.3\hamcrest-core-1.3.jar;C:\Users\Admin\.m2\repository\io\javalin\javalin\5.0.1\javalin-5.0.1.jar;C:\Users\Admin\.m2\repository\org\slf4j\slf4j-api\1.7.36\slf4j-api-1.7.36.jar;C:\Users\Admin\.m2\repository\org\eclipse\jetty\jetty-server\11.0.12\jetty-server-11.0.12.jar;C:\Users\Admin\.m2\repository\org\eclipse\jetty\toolchain\jetty-jakarta-servlet-api\5.0.2\jetty-jakarta-servlet-api-5.0.2.jar;C:\Users\Admin\.m2\repository\org\eclipse\jetty\jetty-http\11.0.12\jetty-http-11.0.12.jar;C:\Users\Admin\.m2\repository\org\eclipse\jetty\jetty-util\11.0.12\jetty-util-11.0.12.jar;C:\Users\Admin\.m2\repository\org\eclipse\jetty\jetty-io\11.0.12\jetty-io-11.0.12.jar;C:\Users\Admin\.m2\repository\org\eclipse\jetty\jetty-webapp\11.0.12\jetty-webapp-11.0.12.jar;C:\Users\Admin\.m2\repository\org\eclipse\jetty\jetty-servlet\11.0.12\jetty-servlet-11.0.12.jar;C:\Users\Admin\.m2\repository\org\eclipse\jetty\jetty-security\11.0.12\jetty-security-11.0.12.jar;C:\Users\Admin\.m2\repository\org\eclipse\jetty\jetty-xml\11.0.12\jetty-xml-11.0.12.jar;C:\Users\Admin\.m2\repository\org\eclipse\jetty\websocket\websocket-jetty-server\11.0.12\websocket-jetty-server-11.0.12.jar;C:\Users\Admin\.m2\repository\org\eclipse\jetty\websocket\websocket-jetty-common\11.0.12\websocket-jetty-common-11.0.12.jar;C:\Users\Admin\.m2\repository\org\eclipse\jetty\websocket\websocket-core-common\11.0.12\websocket-core-common-11.0.12.jar;C:\Users\Admin\.m2\repository\org\eclipse\jetty\websocket\websocket-servlet\11.0.12\websocket-servlet-11.0.12.jar;C:\Users\Admin\.m2\repository\org\eclipse\jetty\websocket\websocket-core-server\11.0.12\websocket-core-server-11.0.12.jar;C:\Users\Admin\.m2\repository\org\eclipse\jetty\jetty-annotations\11.0.12\jetty-annotations-11.0.12.jar;C:\Users\Admin\.m2\repository\org\eclipse\jetty\jetty-plus\11.0.12\jetty-plus-11.0.12.jar;C:\Users\Admin\.m2\repository\jakarta\transaction\jakarta.transaction-api\2.0.0\jakarta.transaction-api-2.0.0.jar;C:\Users\Admin\.m2\repository\org\eclipse\jetty\jetty-jndi\11.0.12\jetty-jndi-11.0.12.jar;C:\Users\Admin\.m2\repository\jakarta\annotation\jakarta.annotation-api\2.1.1\jakarta.annotation-api-2.1.1.jar;C:\Users\Admin\.m2\repository\org\ow2\asm\asm\9.3\asm-9.3.jar;C:\Users\Admin\.m2\repository\org\ow2\asm\asm-commons\9.3\asm-commons-9.3.jar;C:\Users\Admin\.m2\repository\org\ow2\asm\asm-tree\9.3\asm-tree-9.3.jar;C:\Users\Admin\.m2\repository\org\ow2\asm\asm-analysis\9.3\asm-analysis-9.3.jar;C:\Users\Admin\.m2\repository\org\eclipse\jetty\websocket\websocket-jetty-api\11.0.12\websocket-jetty-api-11.0.12.jar;C:\Users\Admin\.m2\repository\org\jetbrains\kotlin\kotlin-stdlib-jdk8\1.7.10\kotlin-stdlib-jdk8-1.7.10.jar;C:\Users\Admin\.m2\repository\org\jetbrains\kotlin\kotlin-stdlib\1.7.10\kotlin-stdlib-1.7.10.jar;C:\Users\Admin\.m2\repository\org\jetbrains\kotlin\kotlin-stdlib-common\1.7.10\kotlin-stdlib-common-1.7.10.jar;C:\Users\Admin\.m2\repository\org\jetbrains\annotations\13.0\annotations-13.0.jar;C:\Users\Admin\.m2\repository\org\jetbrains\kotlin\kotlin-stdlib-jdk7\1.7.10\kotlin-stdlib-jdk7-1.7.10.jar;C:\Users\Admin\.m2\repository\org\slf4j\slf4j-simple\1.7.36\slf4j-simple-1.7.36.jar;C:\Users\Admin\.m2\repository\com\fasterxml\jackson\core\jackson-databind\2.14.0-rc1\jackson-databind-2.14.0-rc1.jar;C:\Users\Admin\.m2\repository\com\fasterxml\jackson\core\jackson-annotations\2.14.0-rc1\jackson-annotations-2.14.0-rc1.jar;C:\Users\Admin\.m2\repository\com\fasterxml\jackson\core\jackson-core\2.14.0-rc1\jackson-core-2.14.0-rc1.jar;C:\Users\Admin\.m2\repository\com\h2database\h2\2.1.214\h2-2.1.214.jar;"/>
    <property name="sun.cpu.endian" value="little"/>
    <property name="user.home" value="C:\Users\Admin"/>
    <property name="user.language" value="en"/>
    <property name="java.specification.vendor" value="Oracle Corporation"/>
    <property name="java.version.date" value="2024-04-16"/>
    <property name="java.home" value="C:\Program Files\Java\jdk-17"/>
    <property name="file.separator" value="\"/>
    <property name="basedir" value="C:\Users\Admin\Desktop\revature training\rizwaanfarhana-Comparisons"/>
    <property name="java.vm.compressedOopsMode" value="32-bit"/>
    <property name="line.separator" value="&#10;"/>
    <property name="java.vm.specification.vendor" value="Oracle Corporation"/>
    <property name="java.specification.name" value="Java Platform API Specification"/>
    <property name="surefire.real.class.path" value="C:\Users\Admin\AppData\Local\Temp\surefire1739777242780695975\surefirebooter-20250522221759064_3.jar"/>
    <property name="user.script" value=""/>
    <property name="sun.management.compiler" value="HotSpot 64-Bit Tiered Compilers"/>
    <property name="java.runtime.version" value="17.0.11+7-LTS-207"/>
    <property name="user.name" value="Admin"/>
    <property name="path.separator" value=";"/>
    <property name="os.version" value="10.0"/>
    <property name="java.runtime.name" value="Java(TM) SE Runtime Environment"/>
    <property name="file.encoding" value="Cp1252"/>
    <property name="java.vm.name" value="Java HotSpot(TM) 64-Bit Server VM"/>
    <property name="maven.ext.class.path" value="C:\Users\Admin\.vscode\extensions\oracle.oracle-java-24.0.0\nbcode\java\maven-nblib\netbeans-eventspy.jar"/>
    <property name="localRepository" value="C:\Users\Admin\.m2\repository"/>
    <property name="java.vendor.url.bug" value="https://bugreport.java.com/bugreport/"/>
    <property name="java.io.tmpdir" value="C:\Users\Admin\AppData\Local\Temp\"/>
    <property name="java.version" value="17.0.11"/>
    <property name="user.dir" value="C:\Users\Admin\Desktop\revature training\rizwaanfarhana-Comparisons"/>
    <property name="os.arch" value="amd64"/>
    <property name="java.vm.specification.name" value="Java Virtual Machine Specification"/>
    <property name="sun.os.patch.level" value=""/>
    <property name="native.encoding" value="Cp1252"/>
    <property name="java.library.path" value="C:\Program Files\Java\jdk-17\bin;C:\Windows\Sun\Java\bin;C:\Windows\system32;C:\Windows;C:\Program Files\Eclipse Adoptium\jdk-11.0.27.6-hotspot\bin;C:\Program Files\Common Files\Oracle\Java\javapath;C:\Windows\system32;C:\Windows;C:\Windows\System32\Wbem;C:\Windows\System32\WindowsPowerShell\v1.0\;C:\Windows\System32\OpenSSH\;C:\Program Files\Git\cmd;C:\Program Files\Git\cmd;C:\Users\Admin\AppData\Local\Programs\Python\Python37\Scripts\;C:\Users\Admin\AppData\Local\Programs\Python\Python37\;C:\Users\Admin\AppData\Local\Microsoft\WindowsApps;C:\spark\bin;C:\Users\Admin\AppData\Local\Programs\Microsoft VS Code\bin;."/>
    <property name="java.vm.info" value="mixed mode, sharing"/>
    <property name="java.vendor" value="Oracle Corporation"/>
    <property name="java.vm.version" value="17.0.11+7-LTS-207"/>
    <property name="sun.io.unicode.encoding" value="UnicodeLittle"/>
    <property name="java.class.version" value="61.0"/>
  </properties>
  <testcase name="isEqualTest1" classname="ComparatorsTest" time="0.005"/>
  <testcase name="isEqualTest2" classname="ComparatorsTest" time="0.0"/>
  <testcase name="greaterThanTest1" classname="ComparatorsTest" time="0.0"/>
  <testcase name="greaterThanTest2" classname="ComparatorsTest" time="0.0"/>
  <testcase name="greaterThanTest3" classname="ComparatorsTest" time="0.002"/>
  <testcase name="lessThanTest1" classname="ComparatorsTest" time="0.003"/>
  <testcase name="lessThanTest2" classname="ComparatorsTest" time="0.003"/>
  <testcase name="lessThanTest3" classname="ComparatorsTest" time="0.001"/>
  <testcase name="lessThanOrEqualToTest1" classname="ComparatorsTest" time="0.001"/>
  <testcase name="lessThanOrEqualToTest2" classname="ComparatorsTest" time="0.001"/>
  <testcase name="lessThanOrEqualToTest3" classname="ComparatorsTest" time="0.001"/>
  <testcase name="greaterThanOrEqualToTest1" classname="ComparatorsTest" time="0.001"/>
  <testcase name="greaterThanOrEqualToTest2" classname="ComparatorsTest" time="0.004"/>
  <testcase name="greaterThanOrEqualToTest3" classname="ComparatorsTest" time="0.001"/>
  <testcase name="notEqualToTest1" classname="ComparatorsTest" time="0.0"/>
  <testcase name="notEqualToTest2" classname="ComparatorsTest" time="0.003"/>
</testsuite>